<?xml version="1.0" encoding="UTF-8"?>
<!-- Generated by org.testng.reporters.JUnitReportReporter -->
<testsuite hostname="HYD-LW-24-1279" failures="0" tests="1" name="com.runner.Runner" time="26.049" errors="0" timestamp="2025-01-15T14:21:22 IST" skipped="0">
  <testcase classname="com.runner.Runner" name="demo" time="26.049"/>
</testsuite> <!-- com.runner.Runner -->
